Wed, 08 Apr 2015 05:42:57 GMT express-session deprecated undefined resave option; provide resave option at app.js:42:9
Wed, 08 Apr 2015 05:42:57 GMT express-session deprecated undefined saveUninitialized option; provide saveUninitialized option at app.js:42:9
INFO pool pool_1 - dispense() clients=1 available=0
VERBOSE pool pool_1 - createResource() - creating obj - count=1 min=0 max=10
INFO pool pool_1 - dispense() clients=1 available=0
VERBOSE pool pool_1 - createResource() - creating obj - count=2 min=0 max=10
VERBOSE pool pool_1 - timeout: 1428471807888
INFO pool pool_1 - dispense() clients=0 available=1
VERBOSE pool pool_1 - timeout: 1428471807889
INFO pool pool_1 - dispense() clients=0 available=2
VERBOSE pool pool_1 - availableObjects.length=2
VERBOSE pool pool_1 - availableObjects.length=2
VERBOSE pool pool_1 - availableObjects.length=2
VERBOSE pool pool_1 - availableObjects.length=2
VERBOSE pool pool_1 - availableObjects.length=2
VERBOSE pool pool_1 - availableObjects.length=2
VERBOSE pool pool_1 - availableObjects.length=2
VERBOSE pool pool_1 - availableObjects.length=2
VERBOSE pool pool_1 - availableObjects.length=2
VERBOSE pool pool_1 - availableObjects.length=2
VERBOSE pool pool_1 - availableObjects.length=2
VERBOSE pool pool_1 - availableObjects.length=2
VERBOSE pool pool_1 - availableObjects.length=2
VERBOSE pool pool_1 - availableObjects.length=2
VERBOSE pool pool_1 - availableObjects.length=2
VERBOSE pool pool_1 - availableObjects.length=2
VERBOSE pool pool_1 - availableObjects.length=2
VERBOSE pool pool_1 - availableObjects.length=2
Error: MISCONF Redis is configured to save RDB snapshots, but is currently not able to persist on disk. Commands that may modify the data set are disabled. Please check Redis logs for details about the error.
    at ReplyParser.<anonymous> (/share/web_server/node_modules/redis/index.js:308:31)
    at ReplyParser.EventEmitter.emit (events.js:95:17)
    at ReplyParser.send_error (/share/web_server/node_modules/redis/lib/parser/javascript.js:296:10)
    at ReplyParser.execute (/share/web_server/node_modules/redis/lib/parser/javascript.js:181:22)
    at RedisClient.on_data (/share/web_server/node_modules/redis/index.js:535:27)
    at Socket.<anonymous> (/share/web_server/node_modules/redis/index.js:91:14)
    at Socket.EventEmitter.emit (events.js:95:17)
    at Socket.<anonymous> (_stream_readable.js:746:14)
    at Socket.EventEmitter.emit (events.js:92:17)
    at emitReadable_ (_stream_readable.js:408:10)
[90mGET / [32m200 [90m30ms - 1.63kb[0m
[90mGET /stylesheets/bootstrap-responsive.css [32m200 [90m49ms - 21.58kb[0m
[90mGET /stylesheets/bootstrap.css [32m200 [90m51ms - 124.36kb[0m
[90mGET /javascripts/bootstrap.js [32m200 [90m47ms - 60.43kb[0m
VERBOSE pool pool_1 - availableObjects.length=2
[90mGET /javascripts/jquery.js [32m200 [90m125ms - 276.14kb[0m
VERBOSE pool pool_1 - availableObjects.length=2
VERBOSE pool pool_1 - availableObjects.length=2
VERBOSE pool pool_1 - availableObjects.length=2
Error: MISCONF Redis is configured to save RDB snapshots, but is currently not able to persist on disk. Commands that may modify the data set are disabled. Please check Redis logs for details about the error.
    at ReplyParser.<anonymous> (/share/web_server/node_modules/redis/index.js:308:31)
    at ReplyParser.EventEmitter.emit (events.js:95:17)
    at ReplyParser.send_error (/share/web_server/node_modules/redis/lib/parser/javascript.js:296:10)
    at ReplyParser.execute (/share/web_server/node_modules/redis/lib/parser/javascript.js:181:22)
    at RedisClient.on_data (/share/web_server/node_modules/redis/index.js:535:27)
    at Socket.<anonymous> (/share/web_server/node_modules/redis/index.js:91:14)
    at Socket.EventEmitter.emit (events.js:95:17)
    at Socket.<anonymous> (_stream_readable.js:746:14)
    at Socket.EventEmitter.emit (events.js:92:17)
    at emitReadable_ (_stream_readable.js:408:10)
[90mGET /login [32m200 [90m11ms - 1.38kb[0m
[90mGET /stylesheets/bootstrap.css [36m304 [90m2ms[0m
[90mGET /stylesheets/bootstrap-responsive.css [36m304 [90m2ms[0m
[90mGET /javascripts/jquery.js [36m304 [90m2ms[0m
[90mGET /javascripts/bootstrap.js [36m304 [90m2ms[0m
VERBOSE pool pool_1 - availableObjects.length=2
VERBOSE pool pool_1 - availableObjects.length=2
VERBOSE pool pool_1 - availableObjects.length=2
VERBOSE pool pool_1 - availableObjects.length=2
INFO pool pool_1 - dispense() clients=1 available=2
VERBOSE pool pool_1 - dispense() - reusing obj
VERBOSE pool pool_1 - timeout: 1428471834675
INFO pool pool_1 - dispense() clients=0 available=2
Error: MISCONF Redis is configured to save RDB snapshots, but is currently not able to persist on disk. Commands that may modify the data set are disabled. Please check Redis logs for details about the error.
    at ReplyParser.<anonymous> (/share/web_server/node_modules/redis/index.js:308:31)
    at ReplyParser.EventEmitter.emit (events.js:95:17)
    at ReplyParser.send_error (/share/web_server/node_modules/redis/lib/parser/javascript.js:296:10)
    at ReplyParser.execute (/share/web_server/node_modules/redis/lib/parser/javascript.js:181:22)
    at RedisClient.on_data (/share/web_server/node_modules/redis/index.js:535:27)
    at Socket.<anonymous> (/share/web_server/node_modules/redis/index.js:91:14)
    at Socket.EventEmitter.emit (events.js:95:17)
    at Socket.<anonymous> (_stream_readable.js:746:14)
    at Socket.EventEmitter.emit (events.js:92:17)
    at emitReadable_ (_stream_readable.js:408:10)
[90mPOST /login [36m302 [90m9ms - 58b[0m
Error: MISCONF Redis is configured to save RDB snapshots, but is currently not able to persist on disk. Commands that may modify the data set are disabled. Please check Redis logs for details about the error.
    at ReplyParser.<anonymous> (/share/web_server/node_modules/redis/index.js:308:31)
    at ReplyParser.EventEmitter.emit (events.js:95:17)
    at ReplyParser.send_error (/share/web_server/node_modules/redis/lib/parser/javascript.js:296:10)
    at ReplyParser.execute (/share/web_server/node_modules/redis/lib/parser/javascript.js:181:22)
    at RedisClient.on_data (/share/web_server/node_modules/redis/index.js:535:27)
    at Socket.<anonymous> (/share/web_server/node_modules/redis/index.js:91:14)
    at Socket.EventEmitter.emit (events.js:95:17)
    at Socket.<anonymous> (_stream_readable.js:746:14)
    at Socket.EventEmitter.emit (events.js:92:17)
    at emitReadable_ (_stream_readable.js:408:10)
[90mGET / [36m304 [90m5ms[0m
[90mGET /stylesheets/bootstrap.css [36m304 [90m2ms[0m
[90mGET /stylesheets/bootstrap-responsive.css [36m304 [90m1ms[0m
[90mGET /javascripts/jquery.js [36m304 [90m1ms[0m
[90mGET /javascripts/bootstrap.js [36m304 [90m1ms[0m
VERBOSE pool pool_1 - availableObjects.length=2
VERBOSE pool pool_1 - availableObjects.length=2
VERBOSE pool pool_1 - availableObjects.length=2
VERBOSE pool pool_1 - removeIdle() destroying obj - now:1428471807944 timeout:1428471807889
VERBOSE pool pool_1 - availableObjects.length=1
VERBOSE pool pool_1 - availableObjects.length=1
VERBOSE pool pool_1 - availableObjects.length=1
VERBOSE pool pool_1 - availableObjects.length=1
VERBOSE pool pool_1 - availableObjects.length=1
VERBOSE pool pool_1 - availableObjects.length=1
VERBOSE pool pool_1 - availableObjects.length=1
VERBOSE pool pool_1 - availableObjects.length=1
VERBOSE pool pool_1 - availableObjects.length=1
VERBOSE pool pool_1 - availableObjects.length=1
VERBOSE pool pool_1 - availableObjects.length=1
VERBOSE pool pool_1 - availableObjects.length=1
VERBOSE pool pool_1 - availableObjects.length=1
VERBOSE pool pool_1 - availableObjects.length=1
VERBOSE pool pool_1 - availableObjects.length=1
VERBOSE pool pool_1 - availableObjects.length=1
VERBOSE pool pool_1 - availableObjects.length=1
VERBOSE pool pool_1 - availableObjects.length=1
VERBOSE pool pool_1 - availableObjects.length=1
VERBOSE pool pool_1 - availableObjects.length=1
VERBOSE pool pool_1 - availableObjects.length=1
VERBOSE pool pool_1 - availableObjects.length=1
VERBOSE pool pool_1 - availableObjects.length=1
VERBOSE pool pool_1 - availableObjects.length=1
VERBOSE pool pool_1 - availableObjects.length=1
VERBOSE pool pool_1 - availableObjects.length=1
VERBOSE pool pool_1 - availableObjects.length=1
VERBOSE pool pool_1 - removeIdle() destroying obj - now:1428471835004 timeout:1428471834675
VERBOSE pool pool_1 - removeIdle() all objects removed
Error: MISCONF Redis is configured to save RDB snapshots, but is currently not able to persist on disk. Commands that may modify the data set are disabled. Please check Redis logs for details about the error.
    at ReplyParser.<anonymous> (/share/web_server/node_modules/redis/index.js:308:31)
    at ReplyParser.EventEmitter.emit (events.js:95:17)
    at ReplyParser.send_error (/share/web_server/node_modules/redis/lib/parser/javascript.js:296:10)
    at ReplyParser.execute (/share/web_server/node_modules/redis/lib/parser/javascript.js:181:22)
    at RedisClient.on_data (/share/web_server/node_modules/redis/index.js:535:27)
    at Socket.<anonymous> (/share/web_server/node_modules/redis/index.js:91:14)
    at Socket.EventEmitter.emit (events.js:95:17)
    at Socket.<anonymous> (_stream_readable.js:746:14)
    at Socket.EventEmitter.emit (events.js:92:17)
    at emitReadable_ (_stream_readable.js:408:10)
[90mGET / [36m304 [90m4ms[0m
[90mGET /stylesheets/bootstrap.css [36m304 [90m2ms[0m
[90mGET /stylesheets/bootstrap-responsive.css [36m304 [90m3ms[0m
[90mGET /javascripts/jquery.js [36m304 [90m3ms[0m
[90mGET /javascripts/bootstrap.js [36m304 [90m3ms[0m
Error: MISCONF Redis is configured to save RDB snapshots, but is currently not able to persist on disk. Commands that may modify the data set are disabled. Please check Redis logs for details about the error.
    at ReplyParser.<anonymous> (/share/web_server/node_modules/redis/index.js:308:31)
    at ReplyParser.EventEmitter.emit (events.js:95:17)
    at ReplyParser.send_error (/share/web_server/node_modules/redis/lib/parser/javascript.js:296:10)
    at ReplyParser.execute (/share/web_server/node_modules/redis/lib/parser/javascript.js:181:22)
    at RedisClient.on_data (/share/web_server/node_modules/redis/index.js:535:27)
    at Socket.<anonymous> (/share/web_server/node_modules/redis/index.js:91:14)
    at Socket.EventEmitter.emit (events.js:95:17)
    at Socket.<anonymous> (_stream_readable.js:746:14)
    at Socket.EventEmitter.emit (events.js:92:17)
    at emitReadable_ (_stream_readable.js:408:10)
[90mGET /login [32m200 [90m5ms - 1.38kb[0m
[90mGET /stylesheets/bootstrap.css [36m304 [90m2ms[0m
[90mGET /stylesheets/bootstrap-responsive.css [36m304 [90m1ms[0m
[90mGET /javascripts/jquery.js [36m304 [90m1ms[0m
[90mGET /javascripts/bootstrap.js [36m304 [90m1ms[0m
INFO pool pool_1 - dispense() clients=1 available=0
VERBOSE pool pool_1 - createResource() - creating obj - count=1 min=0 max=10
VERBOSE pool pool_1 - timeout: 1428424292935
INFO pool pool_1 - dispense() clients=0 available=1
[90mPOST /login [36m302 [90m4ms - 72b[0m
INFO pool pool_1 - dispense() clients=1 available=1
VERBOSE pool pool_1 - dispense() - reusing obj
VERBOSE pool pool_1 - timeout: 1428424292984
INFO pool pool_1 - dispense() clients=0 available=1
[90mGET /config2 [32m200 [90m47ms - 18.48kb[0m
[90mGET /stylesheets/bootstrap-responsive.css [36m304 [90m2ms[0m
[90mGET /javascripts/jquery.js [36m304 [90m2ms[0m
[90mGET /miniui/themes/default/miniui.css [32m200 [90m57ms - 76.44kb[0m
[90mGET /javascripts/util.js [32m200 [90m56ms - 3.17kb[0m
[90mGET /miniui/themes/default/images/button/button.png [32m200 [90m8ms - 147b[0m
[90mGET /miniui/miniui.js [32m200 [90m97ms - 720.35kb[0m
[90mGET /miniui/themes/default/images/buttonedit/close.gif [32m200 [90m2ms - 60b[0m
[90mGET /miniui/themes/default/images/buttonedit/icon2.gif [32m200 [90m3ms - 64b[0m
[90mGET /miniui/themes/default/images/listbox/header.png [32m200 [90m5ms - 177b[0m
[90mGET /miniui/themes/default/images/textbox/error.gif [32m200 [90m4ms - 143b[0m
[90mGET /miniui/themes/default/images/datepicker/date.gif [32m200 [90m3ms - 862b[0m
VERBOSE pool pool_1 - availableObjects.length=1
[90mGET /miniui/themes/default/images/button/hover.png [32m200 [90m16ms - 141b[0m
VERBOSE pool pool_1 - availableObjects.length=1
VERBOSE pool pool_1 - availableObjects.length=1
VERBOSE pool pool_1 - availableObjects.length=1
VERBOSE pool pool_1 - availableObjects.length=1
VERBOSE pool pool_1 - availableObjects.length=1
VERBOSE pool pool_1 - availableObjects.length=1
VERBOSE pool pool_1 - availableObjects.length=1
VERBOSE pool pool_1 - availableObjects.length=1
VERBOSE pool pool_1 - availableObjects.length=1
VERBOSE pool pool_1 - availableObjects.length=1
VERBOSE pool pool_1 - availableObjects.length=1
VERBOSE pool pool_1 - availableObjects.length=1
VERBOSE pool pool_1 - availableObjects.length=1
VERBOSE pool pool_1 - availableObjects.length=1
VERBOSE pool pool_1 - availableObjects.length=1
VERBOSE pool pool_1 - availableObjects.length=1
VERBOSE pool pool_1 - availableObjects.length=1
VERBOSE pool pool_1 - availableObjects.length=1
VERBOSE pool pool_1 - availableObjects.length=1
VERBOSE pool pool_1 - availableObjects.length=1
VERBOSE pool pool_1 - availableObjects.length=1
VERBOSE pool pool_1 - availableObjects.length=1
VERBOSE pool pool_1 - availableObjects.length=1
VERBOSE pool pool_1 - availableObjects.length=1
VERBOSE pool pool_1 - availableObjects.length=1
VERBOSE pool pool_1 - availableObjects.length=1
VERBOSE pool pool_1 - availableObjects.length=1
VERBOSE pool pool_1 - availableObjects.length=1
VERBOSE pool pool_1 - removeIdle() destroying obj - now:1428424293003 timeout:1428424292984
VERBOSE pool pool_1 - removeIdle() all objects removed
INFO pool pool_1 - dispense() clients=1 available=0
VERBOSE pool pool_1 - createResource() - creating obj - count=1 min=0 max=10
VERBOSE pool pool_1 - timeout: 1428424373761
INFO pool pool_1 - dispense() clients=0 available=1
[90mGET /config2 [36m304 [90m17ms[0m
[90mGET /miniui/themes/default/miniui.css [36m304 [90m4ms[0m
[90mGET /stylesheets/bootstrap-responsive.css [36m304 [90m3ms[0m
[90mGET /javascripts/jquery.js [36m304 [90m2ms[0m
[90mGET /javascripts/util.js [36m304 [90m2ms[0m
[90mGET /miniui/miniui.js [36m304 [90m2ms[0m
VERBOSE pool pool_1 - availableObjects.length=1
VERBOSE pool pool_1 - availableObjects.length=1
VERBOSE pool pool_1 - availableObjects.length=1
[90mGET / [32m200 [90m2ms - 1.63kb[0m
[90mGET /stylesheets/bootstrap.css [36m304 [90m4ms[0m
[90mGET /stylesheets/bootstrap-responsive.css [36m304 [90m3ms[0m
[90mGET /javascripts/jquery.js [36m304 [90m2ms[0m
[90mGET /javascripts/bootstrap.js [36m304 [90m0ms[0m
VERBOSE pool pool_1 - availableObjects.length=1
VERBOSE pool pool_1 - availableObjects.length=1
VERBOSE pool pool_1 - availableObjects.length=1
INFO pool pool_1 - dispense() clients=1 available=1
VERBOSE pool pool_1 - dispense() - reusing obj
VERBOSE pool pool_1 - timeout: 1428424380678
INFO pool pool_1 - dispense() clients=0 available=1
[90mGET /config2 [36m304 [90m7ms[0m
[90mGET /miniui/themes/default/miniui.css [36m304 [90m1ms[0m
[90mGET /stylesheets/bootstrap-responsive.css [36m304 [90m1ms[0m
[90mGET /javascripts/jquery.js [36m304 [90m3ms[0m
[90mGET /javascripts/util.js [36m304 [90m3ms[0m
[90mGET /miniui/miniui.js [36m304 [90m2ms[0m
VERBOSE pool pool_1 - availableObjects.length=1
VERBOSE pool pool_1 - availableObjects.length=1
VERBOSE pool pool_1 - availableObjects.length=1
VERBOSE pool pool_1 - availableObjects.length=1
VERBOSE pool pool_1 - availableObjects.length=1
VERBOSE pool pool_1 - availableObjects.length=1
VERBOSE pool pool_1 - availableObjects.length=1
VERBOSE pool pool_1 - availableObjects.length=1
VERBOSE pool pool_1 - availableObjects.length=1
VERBOSE pool pool_1 - availableObjects.length=1
VERBOSE pool pool_1 - availableObjects.length=1
VERBOSE pool pool_1 - availableObjects.length=1
VERBOSE pool pool_1 - availableObjects.length=1
VERBOSE pool pool_1 - availableObjects.length=1
VERBOSE pool pool_1 - availableObjects.length=1
VERBOSE pool pool_1 - availableObjects.length=1
VERBOSE pool pool_1 - availableObjects.length=1
VERBOSE pool pool_1 - availableObjects.length=1
VERBOSE pool pool_1 - availableObjects.length=1
VERBOSE pool pool_1 - availableObjects.length=1
VERBOSE pool pool_1 - availableObjects.length=1
VERBOSE pool pool_1 - availableObjects.length=1
VERBOSE pool pool_1 - availableObjects.length=1
VERBOSE pool pool_1 - availableObjects.length=1
VERBOSE pool pool_1 - availableObjects.length=1
VERBOSE pool pool_1 - availableObjects.length=1
VERBOSE pool pool_1 - availableObjects.length=1
VERBOSE pool pool_1 - availableObjects.length=1
VERBOSE pool pool_1 - availableObjects.length=1
VERBOSE pool pool_1 - availableObjects.length=1
VERBOSE pool pool_1 - removeIdle() destroying obj - now:1428424381007 timeout:1428424380678
VERBOSE pool pool_1 - removeIdle() all objects removed
[90mGET /miniui/themes/default/images/buttonedit/hover.png [32m200 [90m19ms - 141b[0m
[90mGET /miniui/themes/default/images/buttonedit/pressed.png [32m200 [90m4ms - 115b[0m
INFO pool pool_1 - dispense() clients=1 available=0
VERBOSE pool pool_1 - createResource() - creating obj - count=1 min=0 max=10
VERBOSE pool pool_1 - timeout: 1428424677762
INFO pool pool_1 - dispense() clients=0 available=1
[90mPOST /config2 [32m200 [90m5ms[0m
VERBOSE pool pool_1 - availableObjects.length=1
VERBOSE pool pool_1 - availableObjects.length=1
INFO pool pool_1 - dispense() clients=1 available=1
VERBOSE pool pool_1 - dispense() - reusing obj
VERBOSE pool pool_1 - timeout: 1428424679895
INFO pool pool_1 - dispense() clients=0 available=1
[90mPOST /config2 [32m200 [90m3ms[0m
INFO pool pool_1 - dispense() clients=1 available=1
VERBOSE pool pool_1 - dispense() - reusing obj
VERBOSE pool pool_1 - timeout: 1428424679922
INFO pool pool_1 - dispense() clients=0 available=1
[90mPOST /config2 [32m200 [90m2ms[0m
VERBOSE pool pool_1 - availableObjects.length=1
VERBOSE pool pool_1 - availableObjects.length=1
VERBOSE pool pool_1 - availableObjects.length=1
VERBOSE pool pool_1 - availableObjects.length=1
VERBOSE pool pool_1 - availableObjects.length=1
VERBOSE pool pool_1 - availableObjects.length=1
VERBOSE pool pool_1 - availableObjects.length=1
VERBOSE pool pool_1 - availableObjects.length=1
VERBOSE pool pool_1 - availableObjects.length=1
VERBOSE pool pool_1 - availableObjects.length=1
VERBOSE pool pool_1 - availableObjects.length=1
VERBOSE pool pool_1 - availableObjects.length=1
VERBOSE pool pool_1 - availableObjects.length=1
VERBOSE pool pool_1 - availableObjects.length=1
VERBOSE pool pool_1 - availableObjects.length=1
VERBOSE pool pool_1 - availableObjects.length=1
VERBOSE pool pool_1 - availableObjects.length=1
VERBOSE pool pool_1 - availableObjects.length=1
VERBOSE pool pool_1 - availableObjects.length=1
VERBOSE pool pool_1 - availableObjects.length=1
VERBOSE pool pool_1 - availableObjects.length=1
VERBOSE pool pool_1 - availableObjects.length=1
VERBOSE pool pool_1 - availableObjects.length=1
VERBOSE pool pool_1 - availableObjects.length=1
VERBOSE pool pool_1 - availableObjects.length=1
VERBOSE pool pool_1 - availableObjects.length=1
VERBOSE pool pool_1 - availableObjects.length=1
VERBOSE pool pool_1 - availableObjects.length=1
VERBOSE pool pool_1 - availableObjects.length=1
VERBOSE pool pool_1 - availableObjects.length=1
VERBOSE pool pool_1 - removeIdle() destroying obj - now:1428424680855 timeout:1428424679922
VERBOSE pool pool_1 - removeIdle() all objects removed
[90mGET / [32m200 [90m156ms[0m
[90mGET / [32m200 [90m218ms - 1.63kb[0m
[90mGET /stylesheets/bootstrap.css [36m304 [90m149ms[0m
[90mGET /stylesheets/bootstrap-responsive.css [36m304 [90m110ms[0m
[90mGET /javascripts/jquery.js [36m304 [90m80ms[0m
[90mGET /javascripts/bootstrap.js [36m304 [90m52ms[0m
[90mGET / [36m304 [90m145ms[0m
[90mGET /stylesheets/bootstrap.css [36m304 [90m213ms[0m
[90mGET /stylesheets/bootstrap-responsive.css [36m304 [90m97ms[0m
[90mGET /javascripts/jquery.js [36m304 [90m53ms[0m
[90mGET /javascripts/bootstrap.js [36m304 [90m24ms[0m
[90mGET /login [32m200 [90m21ms - 1.38kb[0m
[90mGET /stylesheets/bootstrap.css [36m304 [90m24ms[0m
[90mGET /stylesheets/bootstrap-responsive.css [36m304 [90m33ms[0m
[90mGET /javascripts/jquery.js [36m304 [90m19ms[0m
[90mGET /javascripts/bootstrap.js [36m304 [90m17ms[0m
INFO pool pool_1 - dispense() clients=1 available=0
VERBOSE pool pool_1 - createResource() - creating obj - count=1 min=0 max=10
VERBOSE pool pool_1 - timeout: 1428631742028
INFO pool pool_1 - dispense() clients=0 available=1
[90mPOST /login [36m302 [90m284ms - 72b[0m
INFO pool pool_1 - dispense() clients=1 available=1
VERBOSE pool pool_1 - dispense() - reusing obj
VERBOSE pool pool_1 - timeout: 1428631742757
INFO pool pool_1 - dispense() clients=0 available=1
[90mGET /config2 [32m200 [90m723ms - 18.71kb[0m
[90mGET /miniui/themes/default/miniui.css [36m304 [90m59ms[0m
[90mGET /stylesheets/bootstrap-responsive.css [36m304 [90m60ms[0m
[90mGET /javascripts/jquery.js [36m304 [90m60ms[0m
[90mGET /javascripts/util.js [36m304 [90m28ms[0m
[90mGET /miniui/miniui.js [36m304 [90m19ms[0m
[90mGET /miniui/themes/default/images/button/button.png [36m304 [90m2ms[0m
VERBOSE pool pool_1 - availableObjects.length=1
[90mGET /miniui/themes/default/images/buttonedit/close.gif [36m304 [90m3ms[0m
[90mGET /miniui/themes/default/images/buttonedit/icon2.gif [36m304 [90m21ms[0m
[90mGET /miniui/themes/default/images/listbox/header.png [36m304 [90m75ms[0m
[90mGET /miniui/themes/default/images/textbox/error.gif [36m304 [90m28ms[0m
[90mGET /miniui/themes/default/images/datepicker/date.gif [36m304 [90m20ms[0m
VERBOSE pool pool_1 - availableObjects.length=1
[90mGET /miniui/themes/default/images/buttonedit/hover.png [36m304 [90m2ms[0m
[90mGET /miniui/themes/default/images/button/hover.png [36m304 [90m16ms[0m
VERBOSE pool pool_1 - availableObjects.length=1
VERBOSE pool pool_1 - availableObjects.length=1
VERBOSE pool pool_1 - availableObjects.length=1
VERBOSE pool pool_1 - availableObjects.length=1
VERBOSE pool pool_1 - availableObjects.length=1
VERBOSE pool pool_1 - availableObjects.length=1
VERBOSE pool pool_1 - availableObjects.length=1
VERBOSE pool pool_1 - availableObjects.length=1
VERBOSE pool pool_1 - availableObjects.length=1
[90mGET /miniui/themes/default/images/buttonedit/pressed.png [36m304 [90m14ms[0m
VERBOSE pool pool_1 - availableObjects.length=1
INFO pool pool_1 - dispense() clients=1 available=1
VERBOSE pool pool_1 - dispense() - reusing obj
INFO pool pool_1 - dispense() clients=1 available=0
VERBOSE pool pool_1 - createResource() - creating obj - count=2 min=0 max=10
VERBOSE pool pool_1 - timeout: 1428631754999
INFO pool pool_1 - dispense() clients=0 available=1
[90mPOST /config2 [32m200 [90m159ms[0m
VERBOSE pool pool_1 - timeout: 1428631755028
INFO pool pool_1 - dispense() clients=0 available=2
[90mPOST /config2 [32m200 [90m68ms[0m
VERBOSE pool pool_1 - availableObjects.length=2
VERBOSE pool pool_1 - availableObjects.length=2
VERBOSE pool pool_1 - availableObjects.length=2
VERBOSE pool pool_1 - availableObjects.length=2
VERBOSE pool pool_1 - availableObjects.length=2
VERBOSE pool pool_1 - availableObjects.length=2
INFO pool pool_1 - dispense() clients=1 available=2
VERBOSE pool pool_1 - dispense() - reusing obj
VERBOSE pool pool_1 - timeout: 1428631760970
INFO pool pool_1 - dispense() clients=0 available=2
[90mPOST /config2 [32m200 [90m4ms[0m
VERBOSE pool pool_1 - availableObjects.length=2
VERBOSE pool pool_1 - availableObjects.length=2
VERBOSE pool pool_1 - availableObjects.length=2
VERBOSE pool pool_1 - availableObjects.length=2
VERBOSE pool pool_1 - availableObjects.length=2
VERBOSE pool pool_1 - availableObjects.length=2
VERBOSE pool pool_1 - availableObjects.length=2
VERBOSE pool pool_1 - availableObjects.length=2
VERBOSE pool pool_1 - availableObjects.length=2
VERBOSE pool pool_1 - availableObjects.length=2
VERBOSE pool pool_1 - availableObjects.length=2
VERBOSE pool pool_1 - availableObjects.length=2
VERBOSE pool pool_1 - availableObjects.length=2
VERBOSE pool pool_1 - availableObjects.length=2
VERBOSE pool pool_1 - availableObjects.length=2
VERBOSE pool pool_1 - availableObjects.length=2
VERBOSE pool pool_1 - availableObjects.length=2
VERBOSE pool pool_1 - availableObjects.length=2
VERBOSE pool pool_1 - availableObjects.length=2
VERBOSE pool pool_1 - availableObjects.length=2
VERBOSE pool pool_1 - availableObjects.length=2
VERBOSE pool pool_1 - availableObjects.length=2
VERBOSE pool pool_1 - availableObjects.length=2
VERBOSE pool pool_1 - availableObjects.length=2
VERBOSE pool pool_1 - removeIdle() destroying obj - now:1428631755138 timeout:1428631755028
VERBOSE pool pool_1 - availableObjects.length=1
VERBOSE pool pool_1 - availableObjects.length=1
VERBOSE pool pool_1 - availableObjects.length=1
VERBOSE pool pool_1 - availableObjects.length=1
VERBOSE pool pool_1 - availableObjects.length=1
VERBOSE pool pool_1 - availableObjects.length=1
VERBOSE pool pool_1 - removeIdle() destroying obj - now:1428631761152 timeout:1428631760970
VERBOSE pool pool_1 - removeIdle() all objects removed
[90mGET /miniui/themes/default/images/button/pressed.png [32m200 [90m23ms - 115b[0m
INFO pool pool_1 - dispense() clients=1 available=0
VERBOSE pool pool_1 - createResource() - creating obj - count=1 min=0 max=10
VERBOSE pool pool_1 - timeout: 1428631862937
INFO pool pool_1 - dispense() clients=0 available=1
[90mPOST /config2 [32m200 [90m42ms[0m
VERBOSE pool pool_1 - availableObjects.length=1
INFO pool pool_1 - dispense() clients=1 available=1
VERBOSE pool pool_1 - dispense() - reusing obj
VERBOSE pool pool_1 - timeout: 1428631864387
INFO pool pool_1 - dispense() clients=0 available=1
[90mGET /config2 [32m200 [90m154ms - 18.71kb[0m
[90mGET /miniui/themes/default/miniui.css [36m304 [90m4ms[0m
[90mGET /stylesheets/bootstrap-responsive.css [36m304 [90m4ms[0m
[90mGET /javascripts/jquery.js [36m304 [90m3ms[0m
[90mGET /javascripts/util.js [36m304 [90m4ms[0m
[90mGET /miniui/miniui.js [36m304 [90m9ms[0m
VERBOSE pool pool_1 - availableObjects.length=1
VERBOSE pool pool_1 - availableObjects.length=1
INFO pool pool_1 - dispense() clients=1 available=1
VERBOSE pool pool_1 - dispense() - reusing obj
VERBOSE pool pool_1 - timeout: 1428631866633
INFO pool pool_1 - dispense() clients=0 available=1
[90mPOST /config2 [32m200 [90m7ms[0m
INFO pool pool_1 - dispense() clients=1 available=1
VERBOSE pool pool_1 - dispense() - reusing obj
VERBOSE pool pool_1 - timeout: 1428631866666
INFO pool pool_1 - dispense() clients=0 available=1
[90mPOST /config2 [32m200 [90m6ms[0m
VERBOSE pool pool_1 - availableObjects.length=1
VERBOSE pool pool_1 - availableObjects.length=1
INFO pool pool_1 - dispense() clients=1 available=1
VERBOSE pool pool_1 - dispense() - reusing obj
VERBOSE pool pool_1 - timeout: 1428631868194
INFO pool pool_1 - dispense() clients=0 available=1
[90mPOST /config2 [32m200 [90m13ms[0m
VERBOSE pool pool_1 - availableObjects.length=1
VERBOSE pool pool_1 - availableObjects.length=1
VERBOSE pool pool_1 - availableObjects.length=1
VERBOSE pool pool_1 - availableObjects.length=1
VERBOSE pool pool_1 - availableObjects.length=1
VERBOSE pool pool_1 - availableObjects.length=1
VERBOSE pool pool_1 - availableObjects.length=1
VERBOSE pool pool_1 - availableObjects.length=1
VERBOSE pool pool_1 - availableObjects.length=1
VERBOSE pool pool_1 - availableObjects.length=1
VERBOSE pool pool_1 - availableObjects.length=1
VERBOSE pool pool_1 - availableObjects.length=1
VERBOSE pool pool_1 - availableObjects.length=1
VERBOSE pool pool_1 - availableObjects.length=1
VERBOSE pool pool_1 - availableObjects.length=1
VERBOSE pool pool_1 - availableObjects.length=1
VERBOSE pool pool_1 - availableObjects.length=1
VERBOSE pool pool_1 - availableObjects.length=1
VERBOSE pool pool_1 - availableObjects.length=1
VERBOSE pool pool_1 - availableObjects.length=1
VERBOSE pool pool_1 - availableObjects.length=1
VERBOSE pool pool_1 - availableObjects.length=1
VERBOSE pool pool_1 - availableObjects.length=1
VERBOSE pool pool_1 - availableObjects.length=1
VERBOSE pool pool_1 - availableObjects.length=1
VERBOSE pool pool_1 - availableObjects.length=1
VERBOSE pool pool_1 - availableObjects.length=1
VERBOSE pool pool_1 - availableObjects.length=1
VERBOSE pool pool_1 - availableObjects.length=1
VERBOSE pool pool_1 - availableObjects.length=1
VERBOSE pool pool_1 - removeIdle() destroying obj - now:1428631869096 timeout:1428631868194
VERBOSE pool pool_1 - removeIdle() all objects removed
INFO pool pool_1 - dispense() clients=1 available=0
VERBOSE pool pool_1 - createResource() - creating obj - count=1 min=0 max=10
VERBOSE pool pool_1 - timeout: 1428631954272
INFO pool pool_1 - dispense() clients=0 available=1
[90mPOST /config2 [32m200 [90m15ms[0m
VERBOSE pool pool_1 - availableObjects.length=1
VERBOSE pool pool_1 - availableObjects.length=1
INFO pool pool_1 - dispense() clients=1 available=1
VERBOSE pool pool_1 - dispense() - reusing obj
VERBOSE pool pool_1 - timeout: 1428631957106
INFO pool pool_1 - dispense() clients=0 available=1
[90mPOST /config2 [32m200 [90m12ms[0m
VERBOSE pool pool_1 - availableObjects.length=1
VERBOSE pool pool_1 - availableObjects.length=1
VERBOSE pool pool_1 - availableObjects.length=1
VERBOSE pool pool_1 - availableObjects.length=1
VERBOSE pool pool_1 - availableObjects.length=1
VERBOSE pool pool_1 - availableObjects.length=1
VERBOSE pool pool_1 - availableObjects.length=1
VERBOSE pool pool_1 - availableObjects.length=1
VERBOSE pool pool_1 - availableObjects.length=1
VERBOSE pool pool_1 - availableObjects.length=1
VERBOSE pool pool_1 - availableObjects.length=1
VERBOSE pool pool_1 - availableObjects.length=1
VERBOSE pool pool_1 - availableObjects.length=1
VERBOSE pool pool_1 - availableObjects.length=1
VERBOSE pool pool_1 - availableObjects.length=1
VERBOSE pool pool_1 - availableObjects.length=1
VERBOSE pool pool_1 - availableObjects.length=1
VERBOSE pool pool_1 - availableObjects.length=1
VERBOSE pool pool_1 - availableObjects.length=1
INFO pool pool_1 - dispense() clients=1 available=1
VERBOSE pool pool_1 - dispense() - reusing obj
VERBOSE pool pool_1 - timeout: 1428631976327
INFO pool pool_1 - dispense() clients=0 available=1
VERBOSE pool pool_1 - availableObjects.length=1
[90mGET /config2 [32m200 [90m156ms - 18.71kb[0m
[90mGET /miniui/themes/default/miniui.css [36m304 [90m4ms[0m
[90mGET /stylesheets/bootstrap-responsive.css [36m304 [90m4ms[0m
[90mGET /javascripts/jquery.js [36m304 [90m6ms[0m
[90mGET /javascripts/util.js [36m304 [90m2ms[0m
[90mGET /miniui/miniui.js [36m304 [90m1ms[0m
VERBOSE pool pool_1 - availableObjects.length=1
VERBOSE pool pool_1 - availableObjects.length=1
INFO pool pool_1 - dispense() clients=1 available=1
VERBOSE pool pool_1 - dispense() - reusing obj
VERBOSE pool pool_1 - timeout: 1428631978581
INFO pool pool_1 - dispense() clients=0 available=1
[90mPOST /config2 [32m200 [90m17ms[0m
INFO pool pool_1 - dispense() clients=1 available=1
VERBOSE pool pool_1 - dispense() - reusing obj
VERBOSE pool pool_1 - timeout: 1428631978589
INFO pool pool_1 - dispense() clients=0 available=1
[90mPOST /config2 [32m200 [90m6ms[0m
VERBOSE pool pool_1 - availableObjects.length=1
VERBOSE pool pool_1 - availableObjects.length=1
INFO pool pool_1 - dispense() clients=1 available=1
VERBOSE pool pool_1 - dispense() - reusing obj
VERBOSE pool pool_1 - timeout: 1428631980350
INFO pool pool_1 - dispense() clients=0 available=1
[90mPOST /config2 [32m200 [90m22ms[0m
VERBOSE pool pool_1 - availableObjects.length=1
VERBOSE pool pool_1 - availableObjects.length=1
VERBOSE pool pool_1 - availableObjects.length=1
VERBOSE pool pool_1 - availableObjects.length=1
VERBOSE pool pool_1 - availableObjects.length=1
VERBOSE pool pool_1 - availableObjects.length=1
VERBOSE pool pool_1 - availableObjects.length=1
VERBOSE pool pool_1 - availableObjects.length=1
VERBOSE pool pool_1 - availableObjects.length=1
VERBOSE pool pool_1 - availableObjects.length=1
VERBOSE pool pool_1 - availableObjects.length=1
VERBOSE pool pool_1 - availableObjects.length=1
INFO pool pool_1 - dispense() clients=1 available=1
VERBOSE pool pool_1 - dispense() - reusing obj
VERBOSE pool pool_1 - timeout: 1428631992956
INFO pool pool_1 - dispense() clients=0 available=1
[90mPOST /config2 [32m200 [90m3ms[0m
INFO pool pool_1 - dispense() clients=1 available=1
VERBOSE pool pool_1 - dispense() - reusing obj
VERBOSE pool pool_1 - timeout: 1428631992979
INFO pool pool_1 - dispense() clients=0 available=1
[90mPOST /config2 [32m200 [90m6ms[0m
VERBOSE pool pool_1 - availableObjects.length=1
VERBOSE pool pool_1 - availableObjects.length=1
VERBOSE pool pool_1 - availableObjects.length=1
VERBOSE pool pool_1 - availableObjects.length=1
VERBOSE pool pool_1 - availableObjects.length=1
INFO pool pool_1 - dispense() clients=1 available=1
VERBOSE pool pool_1 - dispense() - reusing obj
VERBOSE pool pool_1 - timeout: 1428631998018
INFO pool pool_1 - dispense() clients=0 available=1
[90mPOST /config2 [32m200 [90m13ms[0m
INFO pool pool_1 - dispense() clients=1 available=1
VERBOSE pool pool_1 - dispense() - reusing obj
VERBOSE pool pool_1 - timeout: 1428631998029
INFO pool pool_1 - dispense() clients=0 available=1
[90mPOST /config2 [32m200 [90m5ms[0m
VERBOSE pool pool_1 - availableObjects.length=1
VERBOSE pool pool_1 - availableObjects.length=1
INFO pool pool_1 - dispense() clients=1 available=1
VERBOSE pool pool_1 - dispense() - reusing obj
VERBOSE pool pool_1 - timeout: 1428631999443
INFO pool pool_1 - dispense() clients=0 available=1
[90mPOST /config2 [32m200 [90m5ms[0m
VERBOSE pool pool_1 - availableObjects.length=1
VERBOSE pool pool_1 - availableObjects.length=1
VERBOSE pool pool_1 - availableObjects.length=1
VERBOSE pool pool_1 - availableObjects.length=1
VERBOSE pool pool_1 - availableObjects.length=1
VERBOSE pool pool_1 - availableObjects.length=1
VERBOSE pool pool_1 - availableObjects.length=1
VERBOSE pool pool_1 - availableObjects.length=1
VERBOSE pool pool_1 - availableObjects.length=1
VERBOSE pool pool_1 - availableObjects.length=1
VERBOSE pool pool_1 - availableObjects.length=1
VERBOSE pool pool_1 - availableObjects.length=1
VERBOSE pool pool_1 - availableObjects.length=1
VERBOSE pool pool_1 - availableObjects.length=1
VERBOSE pool pool_1 - availableObjects.length=1
VERBOSE pool pool_1 - availableObjects.length=1
VERBOSE pool pool_1 - availableObjects.length=1
VERBOSE pool pool_1 - availableObjects.length=1
VERBOSE pool pool_1 - availableObjects.length=1
VERBOSE pool pool_1 - availableObjects.length=1
VERBOSE pool pool_1 - availableObjects.length=1
VERBOSE pool pool_1 - availableObjects.length=1
VERBOSE pool pool_1 - availableObjects.length=1
VERBOSE pool pool_1 - availableObjects.length=1
VERBOSE pool pool_1 - availableObjects.length=1
VERBOSE pool pool_1 - availableObjects.length=1
VERBOSE pool pool_1 - availableObjects.length=1
VERBOSE pool pool_1 - availableObjects.length=1
VERBOSE pool pool_1 - availableObjects.length=1
VERBOSE pool pool_1 - removeIdle() destroying obj - now:1428631999471 timeout:1428631999443
VERBOSE pool pool_1 - removeIdle() all objects removed
INFO pool pool_1 - dispense() clients=1 available=0
VERBOSE pool pool_1 - createResource() - creating obj - count=1 min=0 max=10
VERBOSE pool pool_1 - timeout: 1428632197502
INFO pool pool_1 - dispense() clients=0 available=1
[90mGET /config2 [32m200 [90m49ms - 18.71kb[0m
[90mGET /miniui/themes/default/miniui.css [36m304 [90m4ms[0m
[90mGET /stylesheets/bootstrap-responsive.css [36m304 [90m3ms[0m
[90mGET /javascripts/jquery.js [36m304 [90m4ms[0m
[90mGET /javascripts/util.js [36m304 [90m4ms[0m
[90mGET /miniui/miniui.js [36m304 [90m2ms[0m
VERBOSE pool pool_1 - availableObjects.length=1
VERBOSE pool pool_1 - availableObjects.length=1
VERBOSE pool pool_1 - availableObjects.length=1
VERBOSE pool pool_1 - availableObjects.length=1
VERBOSE pool pool_1 - availableObjects.length=1
VERBOSE pool pool_1 - availableObjects.length=1
VERBOSE pool pool_1 - availableObjects.length=1
VERBOSE pool pool_1 - availableObjects.length=1
VERBOSE pool pool_1 - availableObjects.length=1
VERBOSE pool pool_1 - availableObjects.length=1
VERBOSE pool pool_1 - availableObjects.length=1
VERBOSE pool pool_1 - availableObjects.length=1
VERBOSE pool pool_1 - availableObjects.length=1
VERBOSE pool pool_1 - availableObjects.length=1
VERBOSE pool pool_1 - availableObjects.length=1
VERBOSE pool pool_1 - availableObjects.length=1
VERBOSE pool pool_1 - availableObjects.length=1
VERBOSE pool pool_1 - availableObjects.length=1
VERBOSE pool pool_1 - availableObjects.length=1
VERBOSE pool pool_1 - availableObjects.length=1
VERBOSE pool pool_1 - availableObjects.length=1
VERBOSE pool pool_1 - availableObjects.length=1
VERBOSE pool pool_1 - availableObjects.length=1
VERBOSE pool pool_1 - availableObjects.length=1
VERBOSE pool pool_1 - availableObjects.length=1
VERBOSE pool pool_1 - availableObjects.length=1
VERBOSE pool pool_1 - availableObjects.length=1
VERBOSE pool pool_1 - availableObjects.length=1
VERBOSE pool pool_1 - availableObjects.length=1
VERBOSE pool pool_1 - removeIdle() destroying obj - now:1428632197562 timeout:1428632197502
VERBOSE pool pool_1 - removeIdle() all objects removed
INFO pool pool_1 - dispense() clients=1 available=0
VERBOSE pool pool_1 - createResource() - creating obj - count=1 min=0 max=10
VERBOSE pool pool_1 - timeout: 1428632228759
INFO pool pool_1 - dispense() clients=0 available=1
[90mPOST /config2 [32m200 [90m21ms[0m
VERBOSE pool pool_1 - availableObjects.length=1
VERBOSE pool pool_1 - availableObjects.length=1
INFO pool pool_1 - dispense() clients=1 available=1
VERBOSE pool pool_1 - dispense() - reusing obj
VERBOSE pool pool_1 - timeout: 1428632230786
INFO pool pool_1 - dispense() clients=0 available=1
[90mPOST /config2 [32m200 [90m21ms[0m
INFO pool pool_1 - dispense() clients=1 available=1
VERBOSE pool pool_1 - dispense() - reusing obj
VERBOSE pool pool_1 - timeout: 1428632230790
INFO pool pool_1 - dispense() clients=0 available=1
[90mPOST /config2 [32m200 [90m3ms[0m
VERBOSE pool pool_1 - availableObjects.length=1
VERBOSE pool pool_1 - availableObjects.length=1
VERBOSE pool pool_1 - availableObjects.length=1
VERBOSE pool pool_1 - availableObjects.length=1
VERBOSE pool pool_1 - availableObjects.length=1
VERBOSE pool pool_1 - availableObjects.length=1
VERBOSE pool pool_1 - availableObjects.length=1
INFO pool pool_1 - dispense() clients=1 available=1
VERBOSE pool pool_1 - dispense() - reusing obj
VERBOSE pool pool_1 - timeout: 1428632238418
INFO pool pool_1 - dispense() clients=0 available=1
[90mPOST /config2 [32m200 [90m2ms[0m
VERBOSE pool pool_1 - availableObjects.length=1
VERBOSE pool pool_1 - availableObjects.length=1
VERBOSE pool pool_1 - availableObjects.length=1
VERBOSE pool pool_1 - availableObjects.length=1
VERBOSE pool pool_1 - availableObjects.length=1
VERBOSE pool pool_1 - availableObjects.length=1
VERBOSE pool pool_1 - availableObjects.length=1
VERBOSE pool pool_1 - availableObjects.length=1
VERBOSE pool pool_1 - availableObjects.length=1
VERBOSE pool pool_1 - availableObjects.length=1
VERBOSE pool pool_1 - availableObjects.length=1
VERBOSE pool pool_1 - availableObjects.length=1
VERBOSE pool pool_1 - availableObjects.length=1
VERBOSE pool pool_1 - availableObjects.length=1
VERBOSE pool pool_1 - availableObjects.length=1
VERBOSE pool pool_1 - availableObjects.length=1
VERBOSE pool pool_1 - availableObjects.length=1
VERBOSE pool pool_1 - availableObjects.length=1
VERBOSE pool pool_1 - availableObjects.length=1
VERBOSE pool pool_1 - availableObjects.length=1
VERBOSE pool pool_1 - availableObjects.length=1
VERBOSE pool pool_1 - availableObjects.length=1
INFO pool pool_1 - dispense() clients=1 available=1
VERBOSE pool pool_1 - dispense() - reusing obj
VERBOSE pool pool_1 - timeout: 1428632260353
INFO pool pool_1 - dispense() clients=0 available=1
[90mPOST /config2 [32m200 [90m4ms[0m
VERBOSE pool pool_1 - availableObjects.length=1
VERBOSE pool pool_1 - availableObjects.length=1
VERBOSE pool pool_1 - availableObjects.length=1
VERBOSE pool pool_1 - availableObjects.length=1
VERBOSE pool pool_1 - availableObjects.length=1
VERBOSE pool pool_1 - availableObjects.length=1
VERBOSE pool pool_1 - availableObjects.length=1
VERBOSE pool pool_1 - availableObjects.length=1
INFO pool pool_1 - dispense() clients=1 available=1
VERBOSE pool pool_1 - dispense() - reusing obj
VERBOSE pool pool_1 - timeout: 1428632268423
INFO pool pool_1 - dispense() clients=0 available=1
[90mPOST /config2 [32m200 [90m5ms[0m
VERBOSE pool pool_1 - availableObjects.length=1
VERBOSE pool pool_1 - availableObjects.length=1
VERBOSE pool pool_1 - availableObjects.length=1
VERBOSE pool pool_1 - availableObjects.length=1
VERBOSE pool pool_1 - availableObjects.length=1
VERBOSE pool pool_1 - availableObjects.length=1
VERBOSE pool pool_1 - availableObjects.length=1
VERBOSE pool pool_1 - availableObjects.length=1
VERBOSE pool pool_1 - availableObjects.length=1
INFO pool pool_1 - dispense() clients=1 available=1
VERBOSE pool pool_1 - dispense() - reusing obj
VERBOSE pool pool_1 - timeout: 1428632277426
INFO pool pool_1 - dispense() clients=0 available=1
[90mGET /config2 [32m200 [90m16ms - 18.71kb[0m
[90mGET /miniui/themes/default/miniui.css [36m304 [90m1ms[0m
[90mGET /stylesheets/bootstrap-responsive.css [36m304 [90m1ms[0m
[90mGET /javascripts/jquery.js [36m304 [90m1ms[0m
[90mGET /javascripts/util.js [36m304 [90m1ms[0m
[90mGET /miniui/miniui.js [36m304 [90m1ms[0m
VERBOSE pool pool_1 - availableObjects.length=1
VERBOSE pool pool_1 - availableObjects.length=1
VERBOSE pool pool_1 - availableObjects.length=1
INFO pool pool_1 - dispense() clients=1 available=1
VERBOSE pool pool_1 - dispense() - reusing obj
VERBOSE pool pool_1 - timeout: 1428632280492
INFO pool pool_1 - dispense() clients=0 available=1
[90mPOST /config2 [32m200 [90m3ms[0m
INFO pool pool_1 - dispense() clients=1 available=1
VERBOSE pool pool_1 - dispense() - reusing obj
VERBOSE pool pool_1 - timeout: 1428632280525
INFO pool pool_1 - dispense() clients=0 available=1
[90mPOST /config2 [32m200 [90m3ms[0m
VERBOSE pool pool_1 - availableObjects.length=1
VERBOSE pool pool_1 - availableObjects.length=1
VERBOSE pool pool_1 - availableObjects.length=1
VERBOSE pool pool_1 - availableObjects.length=1
VERBOSE pool pool_1 - availableObjects.length=1
VERBOSE pool pool_1 - availableObjects.length=1
VERBOSE pool pool_1 - availableObjects.length=1
INFO pool pool_1 - dispense() clients=1 available=1
VERBOSE pool pool_1 - dispense() - reusing obj
VERBOSE pool pool_1 - timeout: 1428632287287
INFO pool pool_1 - dispense() clients=0 available=1
[90mPOST /config2 [32m200 [90m4ms[0m
VERBOSE pool pool_1 - availableObjects.length=1
VERBOSE pool pool_1 - availableObjects.length=1
VERBOSE pool pool_1 - availableObjects.length=1
VERBOSE pool pool_1 - availableObjects.length=1
VERBOSE pool pool_1 - availableObjects.length=1
VERBOSE pool pool_1 - availableObjects.length=1
VERBOSE pool pool_1 - availableObjects.length=1
VERBOSE pool pool_1 - availableObjects.length=1
VERBOSE pool pool_1 - availableObjects.length=1
VERBOSE pool pool_1 - availableObjects.length=1
VERBOSE pool pool_1 - availableObjects.length=1
VERBOSE pool pool_1 - availableObjects.length=1
VERBOSE pool pool_1 - availableObjects.length=1
VERBOSE pool pool_1 - availableObjects.length=1
VERBOSE pool pool_1 - availableObjects.length=1
VERBOSE pool pool_1 - availableObjects.length=1
VERBOSE pool pool_1 - availableObjects.length=1
VERBOSE pool pool_1 - availableObjects.length=1
VERBOSE pool pool_1 - availableObjects.length=1
VERBOSE pool pool_1 - availableObjects.length=1
VERBOSE pool pool_1 - availableObjects.length=1
VERBOSE pool pool_1 - availableObjects.length=1
VERBOSE pool pool_1 - availableObjects.length=1
VERBOSE pool pool_1 - availableObjects.length=1
VERBOSE pool pool_1 - availableObjects.length=1
VERBOSE pool pool_1 - availableObjects.length=1
VERBOSE pool pool_1 - availableObjects.length=1
VERBOSE pool pool_1 - availableObjects.length=1
VERBOSE pool pool_1 - availableObjects.length=1
VERBOSE pool pool_1 - availableObjects.length=1
VERBOSE pool pool_1 - removeIdle() destroying obj - now:1428632287944 timeout:1428632287287
VERBOSE pool pool_1 - removeIdle() all objects removed
Fri, 10 Apr 2015 08:51:29 GMT express-session deprecated undefined resave option; provide resave option at app.js:42:9
Fri, 10 Apr 2015 08:51:29 GMT express-session deprecated undefined saveUninitialized option; provide saveUninitialized option at app.js:42:9
INFO pool pool_1 - dispense() clients=1 available=0
VERBOSE pool pool_1 - createResource() - creating obj - count=1 min=0 max=10
INFO pool pool_1 - dispense() clients=1 available=0
VERBOSE pool pool_1 - createResource() - creating obj - count=2 min=0 max=10
VERBOSE pool pool_1 - timeout: 1428655919574
INFO pool pool_1 - dispense() clients=0 available=1
VERBOSE pool pool_1 - timeout: 1428655919575
INFO pool pool_1 - dispense() clients=0 available=2
VERBOSE pool pool_1 - availableObjects.length=2
VERBOSE pool pool_1 - availableObjects.length=2
VERBOSE pool pool_1 - availableObjects.length=2
VERBOSE pool pool_1 - availableObjects.length=2
VERBOSE pool pool_1 - availableObjects.length=2
VERBOSE pool pool_1 - availableObjects.length=2
VERBOSE pool pool_1 - availableObjects.length=2
VERBOSE pool pool_1 - availableObjects.length=2
VERBOSE pool pool_1 - availableObjects.length=2
VERBOSE pool pool_1 - availableObjects.length=2
VERBOSE pool pool_1 - availableObjects.length=2
VERBOSE pool pool_1 - availableObjects.length=2
VERBOSE pool pool_1 - availableObjects.length=2
VERBOSE pool pool_1 - availableObjects.length=2
VERBOSE pool pool_1 - availableObjects.length=2
VERBOSE pool pool_1 - availableObjects.length=2
VERBOSE pool pool_1 - availableObjects.length=2
VERBOSE pool pool_1 - availableObjects.length=2
VERBOSE pool pool_1 - availableObjects.length=2
VERBOSE pool pool_1 - availableObjects.length=2
VERBOSE pool pool_1 - availableObjects.length=2
VERBOSE pool pool_1 - availableObjects.length=2
VERBOSE pool pool_1 - availableObjects.length=2
VERBOSE pool pool_1 - availableObjects.length=2
VERBOSE pool pool_1 - availableObjects.length=2
VERBOSE pool pool_1 - availableObjects.length=2
VERBOSE pool pool_1 - availableObjects.length=2
VERBOSE pool pool_1 - availableObjects.length=2
VERBOSE pool pool_1 - availableObjects.length=2
VERBOSE pool pool_1 - removeIdle() destroying obj - now:1428655919635 timeout:1428655919574
VERBOSE pool pool_1 - removeIdle() destroying obj - now:1428655919635 timeout:1428655919575
VERBOSE pool pool_1 - removeIdle() all objects removed
[90mGET / [36m304 [90m25ms[0m
[90mGET /stylesheets/bootstrap.css [36m304 [90m3ms[0m
[90mGET /stylesheets/bootstrap-responsive.css [36m304 [90m2ms[0m
[90mGET /javascripts/jquery.js [36m304 [90m1ms[0m
[90mGET /javascripts/bootstrap.js [36m304 [90m1ms[0m
